0 info it worked if it ends with ok
1 verbose cli [ '/usr/local/bin/node', '/usr/local/bin/npm', 'run', 'build' ]
2 info using npm@3.10.8
3 info using node@v6.9.1
4 verbose run-script [ 'prebuild', 'build', 'postbuild' ]
5 info lifecycle 19880@1.0.0~prebuild: 19880@1.0.0
6 silly lifecycle 19880@1.0.0~prebuild: no script for prebuild, continuing
7 info lifecycle 19880@1.0.0~build: 19880@1.0.0
8 verbose lifecycle 19880@1.0.0~build: unsafe-perm in lifecycle true
9 verbose lifecycle 19880@1.0.0~build: PATH: /usr/local/lib/node_modules/npm/bin/node-gyp-bin:/Users/cheesyeyes/CHEESY/SAND/19603.2d.screen.position/node_modules/.bin:node_modules/.bin:/usr/local/bin:/usr/local/sbin:/usr/bin:/bin:/usr/sbin:/sbin:/Users/cheesyeyes/.yadr/bin:/Users/cheesyeyes/.yadr/bin/yadr
10 verbose lifecycle 19880@1.0.0~build: CWD: /Users/cheesyeyes/CHEESY/SAND/19603.2d.screen.position
11 silly lifecycle 19880@1.0.0~build: Args: [ '-c',
11 silly lifecycle   'rollup -c && uglifyjs ./bui/index.js -cm -o ./bui/index.min.js' ]
12 silly lifecycle 19880@1.0.0~build: Returned: code: 1  signal: null
13 info lifecycle 19880@1.0.0~build: Failed to exec build script
14 verbose stack Error: 19880@1.0.0 build: `rollup -c && uglifyjs ./bui/index.js -cm -o ./bui/index.min.js`
14 verbose stack Exit status 1
14 verbose stack     at EventEmitter.<anonymous> (/usr/local/lib/node_modules/npm/lib/utils/lifecycle.js:255:16)
14 verbose stack     at emitTwo (events.js:106:13)
14 verbose stack     at EventEmitter.emit (events.js:191:7)
14 verbose stack     at ChildProcess.<anonymous> (/usr/local/lib/node_modules/npm/lib/utils/spawn.js:40:14)
14 verbose stack     at emitTwo (events.js:106:13)
14 verbose stack     at ChildProcess.emit (events.js:191:7)
14 verbose stack     at maybeClose (internal/child_process.js:877:16)
14 verbose stack     at Process.ChildProcess._handle.onexit (internal/child_process.js:226:5)
15 verbose pkgid 19880@1.0.0
16 verbose cwd /Users/cheesyeyes/CHEESY/SAND/19603.2d.screen.position
17 error Darwin 16.0.0
18 error argv "/usr/local/bin/node" "/usr/local/bin/npm" "run" "build"
19 error node v6.9.1
20 error npm  v3.10.8
21 error code ELIFECYCLE
22 error 19880@1.0.0 build: `rollup -c && uglifyjs ./bui/index.js -cm -o ./bui/index.min.js`
22 error Exit status 1
23 error Failed at the 19880@1.0.0 build script 'rollup -c && uglifyjs ./bui/index.js -cm -o ./bui/index.min.js'.
23 error Make sure you have the latest version of node.js and npm installed.
23 error If you do, this is most likely a problem with the 19880 package,
23 error not with npm itself.
23 error Tell the author that this fails on your system:
23 error     rollup -c && uglifyjs ./bui/index.js -cm -o ./bui/index.min.js
23 error You can get information on how to open an issue for this project with:
23 error     npm bugs 19880
23 error Or if that isn't available, you can get their info via:
23 error     npm owner ls 19880
23 error There is likely additional logging output above.
24 verbose exit [ 1, true ]
